<?xml version="1.0" encoding="UTF-8"?>
<!-- Generated by org.testng.reporters.JUnitReportReporter -->
<testsuite skipped="4" hostname="SAMMSA-ANIK" name="com.memberdues.testcases.LoginTests" tests="7" failures="0" timestamp="2020-10-16T00:02:46 IST" time="89.115" errors="0">
  <testcase name="Login_Error_On_Wrong_Userid" time="31.886" classname="com.memberdues.testcases.LoginTests"/>
  <system-out/>
  <testcase name="Login_Error_On_Wrong_Token" time="29.712" classname="com.memberdues.testcases.LoginTests"/>
  <system-out/>
  <testcase name="Login_Error_On_Wrong_Password" time="27.517" classname="com.memberdues.testcases.LoginTests"/>
  <system-out/>
  <testcase name="Login_Error_On_No_Data" classname="com.memberdues.testcases.LoginTests">
    <skipped/>
  </testcase> <!-- Login_Error_On_No_Data -->
  <system-out/>
  <testcase name="Login_to_Member_Portal" classname="com.memberdues.testcases.LoginTests">
    <skipped/>
  </testcase> <!-- Login_to_Member_Portal -->
  <system-out/>
  <testcase name="Logout_of_Member_Portal" classname="com.memberdues.testcases.LoginTests">
    <skipped/>
  </testcase> <!-- Logout_of_Member_Portal -->
  <system-out/>
  <testcase name="First_Time_Reset_Password" classname="com.memberdues.testcases.LoginTests">
    <skipped/>
  </testcase> <!-- First_Time_Reset_Password -->
  <system-out/>
</testsuite> <!-- com.memberdues.testcases.LoginTests -->
