<?xml version="1.0" encoding="UTF-8"?>
<!-- Generated by org.testng.reporters.JUnitReportReporter -->
<testsuite skipped="0" hostname="SAMMSA-ANIK" name="com.memberdues.testcases.LoginTests" tests="1" failures="0" timestamp="2021-01-28T02:20:59 IST" time="24.490" errors="0">
  <testcase name="Login_to_Member_Portal" time="24.490" classname="com.memberdues.testcases.LoginTests"/>
  <system-out/>
</testsuite> <!-- com.memberdues.testcases.LoginTests -->
