<?xml version="1.0" encoding="UTF-8"?>
<!-- Generated by org.testng.reporters.JUnitReportReporter -->
<testsuite skipped="7" hostname="SAMMSA-ANIK" name="com.memberdues.testcases.LoginTests" tests="10" failures="0" timestamp="2020-10-16T15:53:42 IST" time="82.388" errors="0">
  <testcase name="Login_Error_On_AppAccess_Restricted" time="26.944" classname="com.memberdues.testcases.LoginTests"/>
  <system-out/>
  <testcase name="Login_Error_On_Member_Deleted" time="27.789" classname="com.memberdues.testcases.LoginTests"/>
  <system-out/>
  <testcase name="Login_Error_On_Member_LoginRestricted" time="27.655" classname="com.memberdues.testcases.LoginTests"/>
  <system-out/>
  <testcase name="Login_Error_On_Wrong_Userid" classname="com.memberdues.testcases.LoginTests">
    <skipped/>
  </testcase> <!-- Login_Error_On_Wrong_Userid -->
  <system-out/>
  <testcase name="Login_Error_On_No_Data" classname="com.memberdues.testcases.LoginTests">
    <skipped/>
  </testcase> <!-- Login_Error_On_No_Data -->
  <system-out/>
  <testcase name="Login_Error_On_Wrong_Token" classname="com.memberdues.testcases.LoginTests">
    <skipped/>
  </testcase> <!-- Login_Error_On_Wrong_Token -->
  <system-out/>
  <testcase name="Login_to_Member_Portal" classname="com.memberdues.testcases.LoginTests">
    <skipped/>
  </testcase> <!-- Login_to_Member_Portal -->
  <system-out/>
  <testcase name="Login_Error_On_Wrong_Password" classname="com.memberdues.testcases.LoginTests">
    <skipped/>
  </testcase> <!-- Login_Error_On_Wrong_Password -->
  <system-out/>
  <testcase name="Logout_of_Member_Portal" classname="com.memberdues.testcases.LoginTests">
    <skipped/>
  </testcase> <!-- Logout_of_Member_Portal -->
  <system-out/>
  <testcase name="First_Time_Reset_Password" classname="com.memberdues.testcases.LoginTests">
    <skipped/>
  </testcase> <!-- First_Time_Reset_Password -->
  <system-out/>
</testsuite> <!-- com.memberdues.testcases.LoginTests -->
