<?xml version="1.0" encoding="UTF-8"?>
<!-- Generated by org.testng.reporters.JUnitReportReporter -->
<testsuite skipped="0" hostname="SAMMSA-ANIK" name="com.memberdues.testcases.LoginTests" tests="1" failures="0" timestamp="2020-10-04T15:23:17 IST" time="9.982" errors="0">
  <testcase name="loginMember" time="9.982" classname="com.memberdues.testcases.LoginTests"/>
  <system-out/>
</testsuite> <!-- com.memberdues.testcases.LoginTests -->
