<?xml version="1.0" encoding="UTF-8"?>
<!-- Generated by org.testng.reporters.JUnitReportReporter -->
<testsuite skipped="2" hostname="SAMMSA-ANIK" name="com.memberdues.testcases.LoginTests" tests="3" failures="0" timestamp="2020-10-13T16:47:09 IST" time="72.136" errors="0">
  <testcase name="First_Time_Reset_Password" time="72.136" classname="com.memberdues.testcases.LoginTests"/>
  <system-out/>
  <testcase name="Login_to_Member_Portal" classname="com.memberdues.testcases.LoginTests">
    <skipped/>
  </testcase> <!-- Login_to_Member_Portal -->
  <system-out/>
  <testcase name="Logout_of_Member_Portal" classname="com.memberdues.testcases.LoginTests">
    <skipped/>
  </testcase> <!-- Logout_of_Member_Portal -->
  <system-out/>
</testsuite> <!-- com.memberdues.testcases.LoginTests -->
